08-04-2022 @ 11:26:28 - 3.0.13 upgrade complete from Subscriptions v0 while WooCommerce WC_VERSION 6.7.0 and database version 6.7.0 was active.
08-04-2022 @ 11:26:28 - Environment info:
08-04-2022 @ 11:26:28 -     WordPress Version : 6.0.1
08-04-2022 @ 11:26:28 - Active Plugins:
08-04-2022 @ 11:26:28 -     Starter Templates by Brainstorm Force – 3.1.13
08-04-2022 @ 11:26:28 -     Elementor Pro by Elementor.com – 3.3.5
08-04-2022 @ 11:26:28 -     Elementor by Elementor.com – 3.6.8
08-04-2022 @ 11:26:28 -     ElementsKit Lite by Wpmet – 2.6.3
08-04-2022 @ 11:26:28 -     Everest Forms by WPEverest – 1.9.2
08-04-2022 @ 11:26:28 -     Happy Elementor Addons by weDevs – 3.6.2
08-04-2022 @ 11:26:28 -     Elementor Header & Footer Builder by Brainstorm Force, Nikhil Chavan – 1.6.12
08-04-2022 @ 11:26:28 -     Premium Addons for Elementor by Leap13 – 4.9.23
08-04-2022 @ 11:26:28 -     ThemeGrill Demo Importer by ThemeGrill – 1.8.3
08-04-2022 @ 11:26:28 -     WooCommerce Subscriptions by WooCommerce – 3.0.13
08-04-2022 @ 11:26:28 -     WooCommerce by Automattic – 6.7.0
08-04-2022 @ 11:26:28 -     WP Job Manager - Applications by Automattic – 2.5.0
08-04-2022 @ 11:26:28 -     WP Job Manager Field Editor by Myles McNamara – 1.8.2
08-04-2022 @ 11:26:28 -     WP Job Manager - Resume Manager by Automattic – 1.18.1
08-04-2022 @ 11:26:28 -     WP Job Manager - WooCommerce Paid Listings by Automattic – 2.8.3
08-04-2022 @ 11:26:28 -     WP Job Manager by Automattic – 1.37.0
